<?xml version="1.0" encoding="UTF-8"?>
<!-- Generated by org.testng.reporters.JUnitReportReporter -->
<testsuite hostname="Madhavi" failures="0" tests="1" name="com.DollarDays.testcases.TC_WishList_001" time="9.655" errors="0" timestamp="2021-05-26T01:22:25 EDT" skipped="0">
  <testcase classname="com.DollarDays.testcases.TC_WishList_001" name="wishlistTest" time="9.655"/>
  <system-out/>
</testsuite> <!-- com.DollarDays.testcases.TC_WishList_001 -->
