<?xml version="1.0" encoding="UTF-8"?>
<!-- Generated by org.testng.reporters.JUnitReportReporter -->
<testsuite hostname="Madhavi" failures="0" tests="1" name="com.DollarDays.testcases.TC_WishList_002" time="10.307" errors="0" timestamp="2021-05-26T10:47:34 EDT" skipped="0">
  <testcase classname="com.DollarDays.testcases.TC_WishList_002" name="wishlistTest" time="10.307"/>
  <system-out/>
</testsuite> <!-- com.DollarDays.testcases.TC_WishList_002 -->
