<?xml version="1.0" encoding="UTF-8"?>
<!-- Generated by org.testng.reporters.JUnitReportReporter -->
<testsuite hostname="Madhavi" failures="0" tests="2" name="com.DollarDays.testcases.TC_SiginTest_004" time="32.610" errors="0" timestamp="2021-05-26T10:47:34 EDT" skipped="0">
  <testcase classname="com.DollarDays.testcases.TC_SiginTest_004" name="signinTest" time="17.224"/>
  <system-out/>
  <testcase classname="com.DollarDays.testcases.TC_SiginTest_004" name="SigninDDT" time="15.386"/>
  <system-out/>
</testsuite> <!-- com.DollarDays.testcases.TC_SiginTest_004 -->
