<?xml version="1.0" encoding="UTF-8"?>
<!-- Generated by org.testng.reporters.JUnitReportReporter -->
<testsuite hostname="Madhavi" failures="0" tests="1" name="com.DollarDays.testcases.TC_WishList_003" time="15.081" errors="0" timestamp="2021-06-02T16:05:36 EDT" skipped="0">
  <testcase classname="com.DollarDays.testcases.TC_WishList_003" name="wishlistTest" time="15.081"/>
  <system-out/>
</testsuite> <!-- com.DollarDays.testcases.TC_WishList_003 -->
