<?xml version="1.0" encoding="UTF-8"?>
<!-- Generated by org.testng.reporters.JUnitReportReporter -->
<testsuite hostname="Madhavi" failures="0" tests="1" name="com.DollarDays.testcases.PoPup" time="29.248" errors="0" timestamp="2021-05-26T09:39:24 EDT" skipped="0">
  <testcase classname="com.DollarDays.testcases.PoPup" name="popuptest" time="29.248"/>
  <system-out/>
</testsuite> <!-- com.DollarDays.testcases.PoPup -->
