<?xml version="1.0" encoding="UTF-8"?>
<!-- Generated by org.testng.reporters.JUnitReportReporter -->
<testsuite hostname="Madhavi" failures="0" tests="1" name="com.DollarDays.testcases.TC_WishList_003" time="11.433" errors="0" timestamp="2021-05-27T19:07:23 EDT" skipped="0">
  <testcase classname="com.DollarDays.testcases.TC_WishList_003" name="wishlistTest" time="11.433"/>
  <system-out/>
</testsuite> <!-- com.DollarDays.testcases.TC_WishList_003 -->
