<?xml version="1.0" encoding="UTF-8"?>
<!-- Generated by org.testng.reporters.JUnitReportReporter -->
<testsuite hostname="Madhavi" failures="0" tests="1" name="com.DollarDays.testcases.TC_PopUp_001" time="31.015" errors="0" timestamp="2021-05-27T19:05:19 EDT" skipped="0">
  <testcase classname="com.DollarDays.testcases.TC_PopUp_001" name="popuptest" time="31.015"/>
  <system-out/>
</testsuite> <!-- com.DollarDays.testcases.TC_PopUp_001 -->
