<?xml version="1.0" encoding="UTF-8"?>
<!-- Generated by org.testng.reporters.JUnitReportReporter -->
<testsuite hostname="Madhavi" failures="0" tests="2" name="com.DollarDays.testcases.TC_SiginTest" time="28.839" errors="0" timestamp="2021-05-27T10:16:41 EDT" skipped="0">
  <testcase classname="com.DollarDays.testcases.TC_SiginTest" name="signinTestTC_DD04" time="15.272"/>
  <system-out/>
  <testcase classname="com.DollarDays.testcases.TC_SiginTest" name="SigninTestTC_DD05" time="13.567"/>
  <system-out/>
</testsuite> <!-- com.DollarDays.testcases.TC_SiginTest -->
