<?xml version="1.0" encoding="UTF-8"?>
<!-- Generated by org.testng.reporters.JUnitReportReporter -->
<testsuite hostname="Madhavi" failures="0" tests="2" name="com.DollarDays.testcases.TC_SiginTest" time="30.795" errors="0" timestamp="2021-06-02T15:20:50 EDT" skipped="0">
  <testcase classname="com.DollarDays.testcases.TC_SiginTest" name="signinTestTC_DD04" time="12.109"/>
  <system-out/>
  <testcase classname="com.DollarDays.testcases.TC_SiginTest" name="SigninTestTC_DD05" time="18.686"/>
  <system-out/>
</testsuite> <!-- com.DollarDays.testcases.TC_SiginTest -->
