<?xml version="1.0" encoding="UTF-8"?>
<!-- Generated by org.testng.reporters.JUnitReportReporter -->
<testsuite hostname="Madhavi" failures="0" tests="1" name="com.DollarDays.testcases.TC_WishList_003" time="11.903" errors="0" timestamp="2021-06-02T15:20:50 EDT" skipped="0">
  <testcase classname="com.DollarDays.testcases.TC_WishList_003" name="wishlistTest" time="11.903"/>
  <system-out/>
</testsuite> <!-- com.DollarDays.testcases.TC_WishList_003 -->
